Removed Pin From Net: NetName=FPGA_ADC_CLK Pin=X3-27
Removed Pin From Net: NetName=ADC_DATA12 Pin=X3-29
Removed Pin From Net: NetName=ADC_DATA11 Pin=X3-31
Removed Pin From Net: NetName=ADC_DATA10 Pin=X3-33
Removed Pin From Net: NetName=ADC_DATA9 Pin=X3-35
Removed Pin From Net: NetName=ADC_DATA8 Pin=X3-37
Removed Pin From Net: NetName=ADC_DATA7 Pin=X3-39
Removed Pin From Net: NetName=ADC_DATA6 Pin=X3-41
Removed Pin From Net: NetName=ADC_DATA5 Pin=X3-43
Removed Pin From Net: NetName=ADC_DATA4 Pin=X3-45
Removed Pin From Net: NetName=ADC_DATA3 Pin=X3-47
Removed Pin From Net: NetName=ADC_DATA2 Pin=X3-49
Removed Pin From Net: NetName=ADC_DATA1 Pin=X3-51
Removed Pin From Net: NetName=OTR Pin=X3-53
Added Pin To Net: NetName=FPGA_ADC_CLK Pin=X2-26
Added Pin To Net: NetName=ADC_DATA12 Pin=X2-28
Added Pin To Net: NetName=ADC_DATA11 Pin=X2-30
Added Pin To Net: NetName=ADC_DATA10 Pin=X2-32
Added Pin To Net: NetName=ADC_DATA9 Pin=X2-34
Added Pin To Net: NetName=ADC_DATA8 Pin=X2-36
Added Pin To Net: NetName=ADC_DATA7 Pin=X2-38
Added Pin To Net: NetName=ADC_DATA6 Pin=X2-40
Added Pin To Net: NetName=ADC_DATA5 Pin=X2-42
Added Pin To Net: NetName=ADC_DATA4 Pin=X2-44
Added Pin To Net: NetName=ADC_DATA3 Pin=X2-46
Added Pin To Net: NetName=ADC_DATA2 Pin=X2-48
Added Pin To Net: NetName=ADC_DATA1 Pin=X2-50
Added Pin To Net: NetName=OTR Pin=X2-52
