Change Component Comment : Designator=R4 Old Comment=1k New Comment=RES0805
Change Component Comment : Designator=R6 Old Comment=1k New Comment=RES_VAR
Change Component Comment : Designator=R7 Old Comment=1k New Comment=RES_VAR
Change Component Comment : Designator=R8 Old Comment=1k New Comment=RES_VAR
Change Component Comment : Designator=R9 Old Comment=1k New Comment=RES_VAR
Change Component Comment : Designator=R10 Old Comment=1k New Comment=RES_VAR
Change Component Comment : Designator=C5 Old Comment=10,0 New Comment=CAP_TANT
Change Component Comment : Designator=C20 Old Comment=10,0 New Comment=CAP_TANT
Change Component Comment : Designator=C21 Old Comment=10,0 New Comment=CAP_TANT
Change Component Comment : Designator=C22 Old Comment=10,0 New Comment=CAP_TANT
Change Component Comment : Designator=C23 Old Comment=10,0 New Comment=CAP_TANT
Change Component Comment : Designator=C1 Old Comment=10 New Comment=0,1
Change Component Comment : Designator=C8 Old Comment=10 New Comment=0,1
Change Component Comment : Designator=C9 Old Comment=10 New Comment=0,1
Change Component Comment : Designator=C10 Old Comment=10 New Comment=0,1
Change Component Comment : Designator=C14 Old Comment=10 New Comment=0,1
Change Component Comment : Designator=R1 Old Comment=30 New Comment=RES0805
Change Component Comment : Designator=R2 Old Comment=30 New Comment=RES0805
Change Component Comment : Designator=C16 Old Comment=100,0 New Comment=CAP_TANT
Change Component Comment : Designator=C17 Old Comment=100,0 New Comment=CAP_TANT
Change Component Comment : Designator=C18 Old Comment=100,0 New Comment=CAP_TANT
Change Component Comment : Designator=C19 Old Comment=100,0 New Comment=CAP_TANT
Change Component Comment : Designator=R3 Old Comment=100k New Comment=RES0805
Change Component Comment : Designator=R5 Old Comment=100k New Comment=RES0805
Change Component Comment : Designator=R11 Old Comment=240 New Comment=RES0805
Change Component Comment : Designator=R12 Old Comment=240 New Comment=RES0805
Change Component Comment : Designator=R13 Old Comment=240 New Comment=RES0805
Change Component Comment : Designator=R14 Old Comment=240 New Comment=RES0805
Change Component Comment : Designator=P2 Old Comment=TRIGGER New Comment=BNC
Change Component Comment : Designator=P3 Old Comment=V+12 New Comment=BNC
