Added Component: Designator=C9(0805)
Add component. Clean all parameters for all variants
Added Component: Designator=C12(0805)
Add component. Clean all parameters for all variants
Added Component: Designator=C16(0805)
Add component. Clean all parameters for all variants
Added Component: Designator=C17(TYPE_C)
Add component. Clean all parameters for all variants
Added Component: Designator=C19(TYPE_C)
Add component. Clean all parameters for all variants
Added Component: Designator=C21(TYPE_C)
Add component. Clean all parameters for all variants
Added Component: Designator=C22(TYPE_C)
Add component. Clean all parameters for all variants
Added Component: Designator=C25(0805)
Add component. Clean all parameters for all variants
Added Component: Designator=C26(0805)
Add component. Clean all parameters for all variants
Added Component: Designator=C27(0805)
Add component. Clean all parameters for all variants
Added Component: Designator=C28(0805)
Add component. Clean all parameters for all variants
Added Component: Designator=C29(TYPE_C)
Add component. Clean all parameters for all variants
Added Component: Designator=C30(TYPE_C)
Add component. Clean all parameters for all variants
Added Component: Designator=C31(TYPE_C)
Add component. Clean all parameters for all variants
Added Component: Designator=C32(TYPE_C)
Add component. Clean all parameters for all variants
Added Component: Designator=C33(0805)
Add component. Clean all parameters for all variants
Added Component: Designator=C34(0805)
Add component. Clean all parameters for all variants
Added Component: Designator=D2(SN74LVC244ADWR)
Add component. Clean all parameters for all variants
Added Component: Designator=D3(TO-252)
Add component. Clean all parameters for all variants
Added Component: Designator=D4(TO-252)
Add component. Clean all parameters for all variants
Added Component: Designator=D5(TO-252)
Add component. Clean all parameters for all variants
Added Component: Designator=D10(TO-252)
Add component. Clean all parameters for all variants
Added Component: Designator=DD2(SOT-23-5)
Add component. Clean all parameters for all variants
Added Component: Designator=DD4(SOT-23-5)
Add component. Clean all parameters for all variants
Added Component: Designator=P1(HDR1X2)
Add component. Clean all parameters for all variants
Add component (AddParameter): Name = "LatestRevisionDate"; Value = "17-Jul-2002"; VariantName = "[No Variations]"
Add component (AddParameter): Name = "LatestRevisionNote"; Value = "Re-released for DXP Platform."; VariantName = "[No Variations]"
Add component (AddParameter): Name = "Publisher"; Value = "Altium Limited"; VariantName = "[No Variations]"
Added Component: Designator=P2(HDR1X2)
Add component. Clean all parameters for all variants
Add component (AddParameter): Name = "LatestRevisionDate"; Value = "17-Jul-2002"; VariantName = "[No Variations]"
Add component (AddParameter): Name = "LatestRevisionNote"; Value = "Re-released for DXP Platform."; VariantName = "[No Variations]"
Add component (AddParameter): Name = "Publisher"; Value = "Altium Limited"; VariantName = "[No Variations]"
Added Component: Designator=P3(HDR1X2)
Add component. Clean all parameters for all variants
Add component (AddParameter): Name = "LatestRevisionDate"; Value = "17-Jul-2002"; VariantName = "[No Variations]"
Add component (AddParameter): Name = "LatestRevisionNote"; Value = "Re-released for DXP Platform."; VariantName = "[No Variations]"
Add component (AddParameter): Name = "Publisher"; Value = "Altium Limited"; VariantName = "[No Variations]"
Added Component: Designator=P4(HDR1X2)
Add component. Clean all parameters for all variants
Add component (AddParameter): Name = "LatestRevisionDate"; Value = "17-Jul-2002"; VariantName = "[No Variations]"
Add component (AddParameter): Name = "LatestRevisionNote"; Value = "Re-released for DXP Platform."; VariantName = "[No Variations]"
Add component (AddParameter): Name = "Publisher"; Value = "Altium Limited"; VariantName = "[No Variations]"
Added Component: Designator=P5(HDR1X2)
Add component. Clean all parameters for all variants
Add component (AddParameter): Name = "LatestRevisionDate"; Value = "17-Jul-2002"; VariantName = "[No Variations]"
Add component (AddParameter): Name = "LatestRevisionNote"; Value = "Re-released for DXP Platform."; VariantName = "[No Variations]"
Add component (AddParameter): Name = "Publisher"; Value = "Altium Limited"; VariantName = "[No Variations]"
Added Component: Designator=R8(0805)
Add component. Clean all parameters for all variants
Added Component: Designator=R10(0805)
Add component. Clean all parameters for all variants
Added Component: Designator=R11(0805)
Add component. Clean all parameters for all variants
Added Component: Designator=R12(0805)
Add component. Clean all parameters for all variants
Added Component: Designator=R13(0805)
Add component. Clean all parameters for all variants
Added Component: Designator=R14(0805)
Add component. Clean all parameters for all variants
Added Component: Designator=R15(0805)
Add component. Clean all parameters for all variants
Added Component: Designator=SW1(BUTTON)
Add component. Clean all parameters for all variants
Added Component: Designator=VD1(SOT-23)
Add component. Clean all parameters for all variants
Added Pin To Net: NetName=GND Pin=C9-2
Added Pin To Net: NetName=GND Pin=C12-1
Added Pin To Net: NetName=GND Pin=C16-1
Added Pin To Net: NetName=GND Pin=C17-1
Added Pin To Net: NetName=GND Pin=C19-1
Added Pin To Net: NetName=GND Pin=C21-1
Added Pin To Net: NetName=GND Pin=C22-1
Added Pin To Net: NetName=V12 Pin=C25-1
Added Pin To Net: NetName=GND Pin=C25-2
Added Pin To Net: NetName=V12 Pin=C26-1
Added Pin To Net: NetName=GND Pin=C26-2
Added Pin To Net: NetName=GND Pin=C27-1
Added Pin To Net: NetName=GND Pin=C28-1
Added Pin To Net: NetName=GND Pin=C29-1
Added Pin To Net: NetName=GND Pin=C30-1
Added Pin To Net: NetName=GND Pin=C31-1
Added Pin To Net: NetName=GND Pin=C32-1
Added Pin To Net: NetName=V12 Pin=C33-1
Added Pin To Net: NetName=GND Pin=C33-2
Added Pin To Net: NetName=V12 Pin=C34-1
Added Pin To Net: NetName=GND Pin=C34-2
Added Pin To Net: NetName=GND Pin=D2-1
Added Pin To Net: NetName=LIS_TRIG Pin=D2-2
Added Pin To Net: NetName=LIS_EOS Pin=D2-4
Added Pin To Net: NetName=GND Pin=D2-10
Added Pin To Net: NetName=FPGA_EOS Pin=D2-16
Added Pin To Net: NetName=FPGA_TRIG Pin=D2-18
Added Pin To Net: NetName=V3V3_VDD Pin=D2-20
Added Pin To Net: NetName=GND Pin=D3-1
Added Pin To Net: NetName=V12 Pin=D3-3
Added Pin To Net: NetName=GND Pin=D4-1
Added Pin To Net: NetName=V12 Pin=D4-3
Added Pin To Net: NetName=GND Pin=D5-1
Added Pin To Net: NetName=V12 Pin=D5-3
Added Pin To Net: NetName=GND Pin=D10-1
Added Pin To Net: NetName=V12 Pin=D10-3
Added Pin To Net: NetName=FPGA_ADC_CLK Pin=DD2-2
Added Pin To Net: NetName=GND Pin=DD2-3
Added Pin To Net: NetName=ADC_CLK Pin=DD2-4
Added Pin To Net: NetName=V5_VDD Pin=DD2-5
Added Pin To Net: NetName=V_diff Pin=DD4-1
Added Pin To Net: NetName=GND Pin=DD4-2
Added Pin To Net: NetName=V5_ADC Pin=DD4-5
Added Pin To Net: NetName=5V_ADC Pin=P1-2
Added Pin To Net: NetName=5V_LIS Pin=P2-2
Added Pin To Net: NetName=V5_VDD Pin=P3-2
Added Pin To Net: NetName=V3V3_VDD Pin=P4-2
Added Pin To Net: NetName=VINA Pin=P5-1
Added Pin To Net: NetName=V5_VDD Pin=R8-2
Added Pin To Net: NetName=LIS_Vout Pin=R10-2
Added Pin To Net: NetName=V_diff Pin=R12-2
Added Pin To Net: NetName=GND Pin=R13-2
Added Pin To Net: NetName=GND Pin=R14-1
Added Pin To Net: NetName=NetDD5_4 Pin=R14-2
Added Pin To Net: NetName=NetDD5_4 Pin=R15-1
Added Pin To Net: NetName=NetDD5_1 Pin=R15-2
Added Pin To Net: NetName=NetR7_1 Pin=SW1-1
Added Pin To Net: NetName=NetR7_1 Pin=SW1-1
Added Pin To Net: NetName=GND Pin=SW1-2
Added Pin To Net: NetName=GND Pin=SW1-2
Added Pin To Net: NetName=GND Pin=VD1-2
Added Pin To Net: NetName=NetC9_1 Pin=C9-1
Added Pin To Net: NetName=NetC9_1 Pin=D7-22
Added Net: Name=NetC9_1
Added Pin To Net: NetName=NetC12_2 Pin=C12-2
Added Pin To Net: NetName=NetC12_2 Pin=C17-2
Added Pin To Net: NetName=NetC12_2 Pin=C21-2
Added Pin To Net: NetName=NetC12_2 Pin=D3-2
Added Pin To Net: NetName=NetC12_2 Pin=P1-1
Added Net: Name=NetC12_2
Added Pin To Net: NetName=NetC16_2 Pin=C16-2
Added Pin To Net: NetName=NetC16_2 Pin=C19-2
Added Pin To Net: NetName=NetC16_2 Pin=C22-2
Added Pin To Net: NetName=NetC16_2 Pin=D4-2
Added Pin To Net: NetName=NetC16_2 Pin=P2-1
Added Net: Name=NetC16_2
Added Pin To Net: NetName=NetC27_2 Pin=C27-2
Added Pin To Net: NetName=NetC27_2 Pin=C29-2
Added Pin To Net: NetName=NetC27_2 Pin=C31-2
Added Pin To Net: NetName=NetC27_2 Pin=D5-2
Added Pin To Net: NetName=NetC27_2 Pin=P3-1
Added Net: Name=NetC27_2
Added Pin To Net: NetName=NetC28_2 Pin=C28-2
Added Pin To Net: NetName=NetC28_2 Pin=C30-2
Added Pin To Net: NetName=NetC28_2 Pin=C32-2
Added Pin To Net: NetName=NetC28_2 Pin=D10-2
Added Pin To Net: NetName=NetC28_2 Pin=P4-1
Added Net: Name=NetC28_2
Added Pin To Net: NetName=NetDD4_3 Pin=DD4-3
Added Pin To Net: NetName=NetDD4_3 Pin=R10-1
Added Pin To Net: NetName=NetDD4_3 Pin=R13-1
Added Net: Name=NetDD4_3
Added Pin To Net: NetName=NetDD4_4 Pin=DD4-4
Added Pin To Net: NetName=NetDD4_4 Pin=R11-2
Added Pin To Net: NetName=NetDD4_4 Pin=R12-1
Added Net: Name=NetDD4_4
Added Pin To Net: NetName=NetP5_2 Pin=P5-2
Added Pin To Net: NetName=NetP5_2 Pin=R1-2
Added Net: Name=NetP5_2
Added Pin To Net: NetName=NetR8_1 Pin=R8-1
Added Pin To Net: NetName=NetR8_1 Pin=R11-1
Added Pin To Net: NetName=NetR8_1 Pin=VD1-1
Added Net: Name=NetR8_1
Added Member To Class: ClassName=motherboard_Sheet Member=Component C9 1,0
Added Member To Class: ClassName=motherboard_Sheet Member=Component C12 0,1
Added Member To Class: ClassName=motherboard_Sheet Member=Component C16 0,1
Added Member To Class: ClassName=motherboard_Sheet Member=Component C17 10,0
Added Member To Class: ClassName=motherboard_Sheet Member=Component C19 10,0
Added Member To Class: ClassName=motherboard_Sheet Member=Component C21 22,0
Added Member To Class: ClassName=motherboard_Sheet Member=Component C22 22,0
Added Member To Class: ClassName=motherboard_Sheet Member=Component C25 10,0
Added Member To Class: ClassName=motherboard_Sheet Member=Component C26 10,0
Added Member To Class: ClassName=motherboard_Sheet Member=Component C27 0,1
Added Member To Class: ClassName=motherboard_Sheet Member=Component C28 0,1
Added Member To Class: ClassName=motherboard_Sheet Member=Component C29 10,0
Added Member To Class: ClassName=motherboard_Sheet Member=Component C30 10,0
Added Member To Class: ClassName=motherboard_Sheet Member=Component C31 22,0
Added Member To Class: ClassName=motherboard_Sheet Member=Component C32 22,0
Added Member To Class: ClassName=motherboard_Sheet Member=Component C33 10,0
Added Member To Class: ClassName=motherboard_Sheet Member=Component C34 10,0
Added Member To Class: ClassName=motherboard_Sheet Member=Component D2 BUFFER 5V ->3.3V
Added Member To Class: ClassName=motherboard_Sheet Member=Component D3 LM1117 5V
Added Member To Class: ClassName=motherboard_Sheet Member=Component D4 LM1117 5V
Added Member To Class: ClassName=motherboard_Sheet Member=Component D5 LM1117 5V
Added Member To Class: ClassName=motherboard_Sheet Member=Component D10 LM1117 3.3V
Added Member To Class: ClassName=motherboard_Sheet Member=Component DD2 NC7SZ14M5X
Added Member To Class: ClassName=motherboard_Sheet Member=Component DD4 AD8605ARTZ
Added Member To Class: ClassName=motherboard_Sheet Member=Component P1 Header 2
Added Member To Class: ClassName=motherboard_Sheet Member=Component P2 Header 2
Added Member To Class: ClassName=motherboard_Sheet Member=Component P3 Header 2
Added Member To Class: ClassName=motherboard_Sheet Member=Component P4 Header 2
Added Member To Class: ClassName=motherboard_Sheet Member=Component P5 ADC_IN_TEST
Added Member To Class: ClassName=motherboard_Sheet Member=Component R8 2.94k
Added Member To Class: ClassName=motherboard_Sheet Member=Component R10 5k
Added Member To Class: ClassName=motherboard_Sheet Member=Component R11 10k
Added Member To Class: ClassName=motherboard_Sheet Member=Component R12 5k
Added Member To Class: ClassName=motherboard_Sheet Member=Component R13 10k
Added Member To Class: ClassName=motherboard_Sheet Member=Component R14 10k
Added Member To Class: ClassName=motherboard_Sheet Member=Component R15 15k
Added Member To Class: ClassName=motherboard_Sheet Member=Component SW1 BUTTON
Added Member To Class: ClassName=motherboard_Sheet Member=Component VD1 AD1580
Added Room: Name=motherboard_Sheet
