Removed Pin From Net: NetName=GND Pin=X2-44
Removed Pin From Net: NetName=FPGA_ADC_CLK Pin=X3-21
Removed Pin From Net: NetName=ADC_DATA12 Pin=X3-25
Removed Pin From Net: NetName=ADC_DATA11 Pin=X3-27
Removed Pin From Net: NetName=ADC_DATA10 Pin=X3-29
Removed Pin From Net: NetName=ADC_DATA9 Pin=X3-31
Removed Pin From Net: NetName=ADC_DATA8 Pin=X3-33
Removed Pin From Net: NetName=ADC_DATA7 Pin=X3-35
Removed Pin From Net: NetName=ADC_DATA6 Pin=X3-37
Removed Pin From Net: NetName=ADC_DATA5 Pin=X3-39
Removed Pin From Net: NetName=GND Pin=X3-41
Removed Pin From Net: NetName=V3V3 Pin=X3-43
Added Pin To Net: NetName=GND Pin=X2-23
Added Pin To Net: NetName=GND Pin=X3-24
Added Pin To Net: NetName=FPGA_ADC_CLK Pin=X3-27
Added Pin To Net: NetName=ADC_DATA12 Pin=X3-29
Added Pin To Net: NetName=ADC_DATA11 Pin=X3-31
Added Pin To Net: NetName=ADC_DATA10 Pin=X3-33
Added Pin To Net: NetName=ADC_DATA9 Pin=X3-35
Added Pin To Net: NetName=ADC_DATA8 Pin=X3-37
Added Pin To Net: NetName=ADC_DATA7 Pin=X3-39
Added Pin To Net: NetName=ADC_DATA6 Pin=X3-41
Added Pin To Net: NetName=ADC_DATA5 Pin=X3-43
