Removed Pin From Net: NetName=V5_VDD Pin=C16-2
Removed Pin From Net: NetName=V9_CCD Pin=C17-2
Removed Pin From Net: NetName=V5_ADC Pin=C19-2
Removed Pin From Net: NetName=V3.3_VDD Pin=C?-2
Removed Pin From Net: NetName=V5_ADC Pin=D2-2
Removed Pin From Net: NetName=V5_VDD Pin=D3-2
Removed Pin From Net: NetName=V9_CCD Pin=D4-2
Removed Pin From Net: NetName=V3.3_VDD Pin=D?-2
Removed Pin From Net: NetName=V9_CCD Pin=R12-1
Change Component Designator: OldDesignator=C? NewDesignator=C22
Change Component Designator: OldDesignator=D? NewDesignator=D5
Change Component Designator: OldDesignator=P? NewDesignator=P2
Change Component Designator: OldDesignator=X? NewDesignator=X1
Added Component: Designator=P1(HDR1X2)
Add component. Clean all parameters for all variants
Add component (AddParameter): Name = "LatestRevisionDate"; Value = "17-Jul-2002"; VariantName = "[No Variations]"
Add component (AddParameter): Name = "LatestRevisionNote"; Value = "Re-released for DXP Platform."; VariantName = "[No Variations]"
Add component (AddParameter): Name = "Publisher"; Value = "Altium Limited"; VariantName = "[No Variations]"
Added Component: Designator=P3(HDR1X2)
Add component. Clean all parameters for all variants
Add component (AddParameter): Name = "LatestRevisionDate"; Value = "17-Jul-2002"; VariantName = "[No Variations]"
Add component (AddParameter): Name = "LatestRevisionNote"; Value = "Re-released for DXP Platform."; VariantName = "[No Variations]"
Add component (AddParameter): Name = "Publisher"; Value = "Altium Limited"; VariantName = "[No Variations]"
Added Component: Designator=P4(HDR1X2)
Add component. Clean all parameters for all variants
Add component (AddParameter): Name = "LatestRevisionDate"; Value = "17-Jul-2002"; VariantName = "[No Variations]"
Add component (AddParameter): Name = "LatestRevisionNote"; Value = "Re-released for DXP Platform."; VariantName = "[No Variations]"
Add component (AddParameter): Name = "Publisher"; Value = "Altium Limited"; VariantName = "[No Variations]"
Added Pin To Net: NetName=V9_CCD Pin=P1-2
Added Pin To Net: NetName=V5_ADC Pin=P2-1
Added Pin To Net: NetName=V5_VDD Pin=P3-1
Added Pin To Net: NetName=V3.3_VDD Pin=P4-1
Added Pin To Net: NetName=NetC16_2 Pin=C16-2
Added Pin To Net: NetName=NetC16_2 Pin=D3-2
Added Pin To Net: NetName=NetC16_2 Pin=P3-2
Added Net: Name=NetC16_2
Added Pin To Net: NetName=NetC17_2 Pin=C17-2
Added Pin To Net: NetName=NetC17_2 Pin=D4-2
Added Pin To Net: NetName=NetC17_2 Pin=P1-1
Added Pin To Net: NetName=NetC17_2 Pin=R12-1
Added Net: Name=NetC17_2
Added Pin To Net: NetName=NetC19_2 Pin=C19-2
Added Pin To Net: NetName=NetC19_2 Pin=D2-2
Added Pin To Net: NetName=NetC19_2 Pin=P2-2
Added Net: Name=NetC19_2
Added Pin To Net: NetName=NetC22_2 Pin=C22-2
Added Pin To Net: NetName=NetC22_2 Pin=D5-2
Added Pin To Net: NetName=NetC22_2 Pin=P4-2
Added Net: Name=NetC22_2
Added Member To Class: ClassName=motherboard_Sheet Member=Component P1 Header 2
Added Member To Class: ClassName=motherboard_Sheet Member=Component P3 Header 2
Added Member To Class: ClassName=motherboard_Sheet Member=Component P4 Header 2
