Removed Pin From Net: NetName=V12 Pin=X1-1
Removed Pin From Net: NetName=GND Pin=X1-3
Removed Pin From Net: NetName=GND Pin=X1-4
Removed Pin From Net: NetName=V3V3 Pin=X2-2
Removed Pin From Net: NetName=GND Pin=X2-13
Removed Pin From Net: NetName=GND Pin=X2-14
Removed Pin From Net: NetName=GND Pin=X2-15
Removed Pin From Net: NetName=GND Pin=X2-16
Removed Pin From Net: NetName=GND Pin=X2-17
Removed Pin From Net: NetName=GND Pin=X2-18
Removed Pin From Net: NetName=V5_VDD Pin=X2-21
Removed Pin From Net: NetName=V5_VDD Pin=X2-22
Removed Pin From Net: NetName=V3V3 Pin=X3-1
Removed Pin From Net: NetName=GND Pin=X3-25
Removed Pin From Net: NetName=GND Pin=X3-26
Removed Member From Class: ClassName=motherboard_Sheet Member=X1
Added Component: Designator=C?(TYPE_C)
Add component. Clean all parameters for all variants
Added Component: Designator=D?(SOT-223)
Add component. Clean all parameters for all variants
Added Component: Designator=P?(HDR1X2)
Add component. Clean all parameters for all variants
Add component (AddParameter): Name = "LatestRevisionDate"; Value = "17-Jul-2002"; VariantName = "[No Variations]"
Add component (AddParameter): Name = "LatestRevisionNote"; Value = "Re-released for DXP Platform."; VariantName = "[No Variations]"
Add component (AddParameter): Name = "Publisher"; Value = "Altium Limited"; VariantName = "[No Variations]"
Added Component: Designator=X?(Robiton-DS-210)
Add component. Clean all parameters for all variants
Added Pin To Net: NetName=GND Pin=C?-1
Added Pin To Net: NetName=GND Pin=D?-1
Added Pin To Net: NetName=V12 Pin=D?-3
Added Pin To Net: NetName=V12 Pin=X?-1
Added Pin To Net: NetName=GND Pin=X?-2
Added Pin To Net: NetName=GND Pin=X?-2
Added Pin To Net: NetName=V3.3_VDD Pin=C?-2
Added Pin To Net: NetName=V3.3_VDD Pin=D?-2
Added Net: Name=V3.3_VDD
Added Member To Class: ClassName=motherboard_Sheet Member=Component C? 22,0
Added Member To Class: ClassName=motherboard_Sheet Member=Component D? AMS1117-FIX
Added Member To Class: ClassName=motherboard_Sheet Member=Component P? Header 2
Added Member To Class: ClassName=motherboard_Sheet Member=Component X? 12V POWER
