Removed Pin From Net: NetName=CLKOUT Pin=X-right-4
Removed Pin From Net: NetName=USB_OE# Pin=X-right-6
Removed Pin From Net: NetName=USB_SIWUA Pin=X-right-8
Removed Pin From Net: NetName=USB_RD# Pin=X-right-10
Removed Pin From Net: NetName=USB_WR# Pin=X-right-12
Removed Pin From Net: NetName=USB_RXF# Pin=X-right-14
Removed Pin From Net: NetName=USB_TXE# Pin=X-right-16
Removed Pin From Net: NetName=USB_DATA7 Pin=X-right-20
Removed Pin From Net: NetName=USB_DATA4 Pin=X-right-22
Removed Pin From Net: NetName=USB_DATA5 Pin=X-right-24
Removed Pin From Net: NetName=USB_DATA3 Pin=X-right-26
Removed Pin From Net: NetName=USB_DATA1 Pin=X-right-28
Removed Pin From Net: NetName=USB_DATA2 Pin=X-right-30
Removed Pin From Net: NetName=USB_DATA0 Pin=X-right-32
Change Component Comment : Designator=R4 Old Comment=  New Comment=
Added Pin To Net: NetName=USB_DATA0 Pin=X-right-4
Added Pin To Net: NetName=USB_DATA2 Pin=X-right-6
Added Pin To Net: NetName=USB_DATA1 Pin=X-right-8
Added Pin To Net: NetName=USB_DATA3 Pin=X-right-10
Added Pin To Net: NetName=USB_DATA5 Pin=X-right-12
Added Pin To Net: NetName=USB_DATA4 Pin=X-right-14
Added Pin To Net: NetName=USB_DATA7 Pin=X-right-16
Added Pin To Net: NetName=USB_TXE# Pin=X-right-20
Added Pin To Net: NetName=USB_RXF# Pin=X-right-22
Added Pin To Net: NetName=USB_WR# Pin=X-right-24
Added Pin To Net: NetName=USB_RD# Pin=X-right-26
Added Pin To Net: NetName=USB_SIWUA Pin=X-right-28
Added Pin To Net: NetName=USB_OE# Pin=X-right-30
Added Pin To Net: NetName=CLKOUT Pin=X-right-32
