Removed Pin From Net: NetName=CCD_Vout Pin=D2-1
Removed Pin From Net: NetName=CCD_Vout Pin=D2-1
Removed Pin From Net: NetName=SHSW Pin=D2-4
Removed Pin From Net: NetName=SHSW Pin=D2-4
Removed Pin From Net: NetName=CCD_CLK Pin=D2-5
Removed Pin From Net: NetName=CCD_CLK Pin=D2-5
Removed Pin From Net: NetName=V5_VDD Pin=D2-8
Removed Pin From Net: NetName=V5_VDD Pin=D2-8
Removed Pin From Net: NetName=CCD_SHUT Pin=D2-9
Removed Pin From Net: NetName=CCD_SHUT Pin=D2-9
Removed Pin From Net: NetName=CCD_ROG Pin=D2-11
Removed Pin From Net: NetName=CCD_ROG Pin=D2-11
Removed Pin From Net: NetName=GND Pin=D2-12
Removed Pin From Net: NetName=GND Pin=D2-12
Removed Pin From Net: NetName=GND Pin=D2-17
Removed Pin From Net: NetName=GND Pin=D2-17
Removed Pin From Net: NetName=GND Pin=D2-19
Removed Pin From Net: NetName=GND Pin=D2-19
Removed Pin From Net: NetName=V9_CCD Pin=D2-20
Removed Pin From Net: NetName=V9_CCD Pin=D2-20
Removed Pin From Net: NetName=V5_VDD Pin=D2-21
Removed Pin From Net: NetName=V5_VDD Pin=D2-21
Removed Pin From Net: NetName=V5_VDD Pin=D2-22
Removed Pin From Net: NetName=V5_VDD Pin=D2-22
Removed Member From Class: ClassName=motherboard_Sheet Member=D2
Change Component Designator: OldDesignator=D* NewDesignator=D8
Change Component Designator: OldDesignator=DD*1 NewDesignator=DD1
Change Component Designator: OldDesignator=DD*2 NewDesignator=DD2
Change Component Designator: OldDesignator=DD*3 NewDesignator=DD3
Change Component Designator: OldDesignator=DD*4 NewDesignator=DD4
Change Component Designator: OldDesignator=DD*5 NewDesignator=DD6
Change Component Designator: OldDesignator=DD* NewDesignator=DD5
Added Component: Designator=D7(ILX751A - Module)
Add component. Clean all parameters for all variants
Added Pin To Net: NetName=CCD_Vout Pin=D7-1
Added Pin To Net: NetName=CCD_Vout Pin=D7-1
Added Pin To Net: NetName=SHSW Pin=D7-4
Added Pin To Net: NetName=SHSW Pin=D7-4
Added Pin To Net: NetName=CCD_CLK Pin=D7-5
Added Pin To Net: NetName=CCD_CLK Pin=D7-5
Added Pin To Net: NetName=V5_VDD Pin=D7-8
Added Pin To Net: NetName=V5_VDD Pin=D7-8
Added Pin To Net: NetName=CCD_SHUT Pin=D7-9
Added Pin To Net: NetName=CCD_SHUT Pin=D7-9
Added Pin To Net: NetName=CCD_ROG Pin=D7-11
Added Pin To Net: NetName=CCD_ROG Pin=D7-11
Added Pin To Net: NetName=GND Pin=D7-12
Added Pin To Net: NetName=GND Pin=D7-12
Added Pin To Net: NetName=GND Pin=D7-17
Added Pin To Net: NetName=GND Pin=D7-17
Added Pin To Net: NetName=GND Pin=D7-19
Added Pin To Net: NetName=GND Pin=D7-19
Added Pin To Net: NetName=V9_CCD Pin=D7-20
Added Pin To Net: NetName=V9_CCD Pin=D7-20
Added Pin To Net: NetName=V5_VDD Pin=D7-21
Added Pin To Net: NetName=V5_VDD Pin=D7-21
Added Pin To Net: NetName=V5_VDD Pin=D7-22
Added Pin To Net: NetName=V5_VDD Pin=D7-22
Change Net Name : Old Net Name=NetDD*5_3 New Net Name=NetDD6_3
Change Net Name : Old Net Name=NetDD*5_4 New Net Name=NetDD6_4
Change Net Name : Old Net Name=NetDD*_1 New Net Name=NetDD5_1
Added Member To Class: ClassName=motherboard_Sheet Member=Component D7 ILX751A
Added Room: Name=motherboard_Sheet
