Removed Pin From Net: NetName=V3V3 Pin=X2-5
Removed Pin From Net: NetName=GND Pin=X2-7
Removed Pin From Net: NetName=GND Pin=X2-8
Removed Pin From Net: NetName=FPGA_ADC_CLK Pin=X2-14
Removed Pin From Net: NetName=ADC_DATA12 Pin=X2-16
Removed Pin From Net: NetName=ADC_DATA11 Pin=X2-18
Removed Pin From Net: NetName=ADC_DATA10 Pin=X2-20
Removed Pin From Net: NetName=ADC_DATA9 Pin=X2-22
Removed Pin From Net: NetName=ADC_DATA8 Pin=X2-24
Removed Pin From Net: NetName=ADC_DATA7 Pin=X2-26
Removed Pin From Net: NetName=ADC_DATA6 Pin=X2-28
Removed Pin From Net: NetName=ADC_DATA5 Pin=X2-30
Removed Pin From Net: NetName=ADC_DATA4 Pin=X2-32
Removed Pin From Net: NetName=ADC_DATA3 Pin=X2-34
Removed Pin From Net: NetName=ADC_DATA2 Pin=X2-36
Removed Pin From Net: NetName=ADC_DATA1 Pin=X2-38
Removed Pin From Net: NetName=OTR Pin=X2-40
Removed Pin From Net: NetName=USB_DATA0 Pin=X3-12
Removed Pin From Net: NetName=USB_DATA2 Pin=X3-13
Removed Pin From Net: NetName=USB_DATA1 Pin=X3-14
Removed Pin From Net: NetName=USB_DATA3 Pin=X3-15
Removed Pin From Net: NetName=USB_DATA5 Pin=X3-16
Removed Pin From Net: NetName=USB_DATA4 Pin=X3-17
Removed Pin From Net: NetName=USB_DATA7 Pin=X3-18
Removed Pin From Net: NetName=USB_DATA6 Pin=X3-19
Removed Pin From Net: NetName=USB_TXE# Pin=X3-20
Removed Pin From Net: NetName=USB_RXF# Pin=X3-21
Removed Pin From Net: NetName=USB_WR# Pin=X3-22
Removed Pin From Net: NetName=USB_RD# Pin=X3-23
Removed Pin From Net: NetName=USB_SIWUA Pin=X3-24
Removed Pin From Net: NetName=USB_OE# Pin=X3-25
Removed Pin From Net: NetName=CLKOUT Pin=X3-30
Removed Pin From Net: NetName=FPGA_CCD_CLK Pin=X3-35
Removed Pin From Net: NetName=TRIGGER Pin=X3-36
Removed Pin From Net: NetName=FPGA_SHUT Pin=X3-37
Removed Pin From Net: NetName=FPGA_ROG Pin=X3-39
Added Pin To Net: NetName=GND Pin=X2-1
Added Pin To Net: NetName=V3V3 Pin=X2-2
Added Pin To Net: NetName=FPGA_SHUT Pin=X2-10
Added Pin To Net: NetName=FPGA_ROG Pin=X2-12
Added Pin To Net: NetName=FPGA_CCD_CLK Pin=X3-7
Added Pin To Net: NetName=SHSW Pin=X3-9
Added Pin To Net: NetName=FPGA_ADC_CLK Pin=X3-23
Added Pin To Net: NetName=ADC_DATA12 Pin=X3-25
Added Pin To Net: NetName=ADC_DATA11 Pin=X3-27
Added Pin To Net: NetName=ADC_DATA10 Pin=X3-29
Added Pin To Net: NetName=ADC_DATA9 Pin=X3-31
Added Pin To Net: NetName=ADC_DATA8 Pin=X3-33
Added Pin To Net: NetName=ADC_DATA7 Pin=X3-35
Added Pin To Net: NetName=ADC_DATA6 Pin=X3-37
Added Pin To Net: NetName=ADC_DATA5 Pin=X3-39
Added Pin To Net: NetName=ADC_DATA4 Pin=X3-45
Added Pin To Net: NetName=ADC_DATA3 Pin=X3-47
Added Pin To Net: NetName=ADC_DATA2 Pin=X3-49
Added Pin To Net: NetName=ADC_DATA1 Pin=X3-51
Added Pin To Net: NetName=OTR Pin=X3-53
Added Member To Class: ClassName=motherboard_Sheet Member=Component D7 ILX751A
Added Room: Name=motherboard_Sheet
