Removed Pin From Net: NetName=GND Pin=X-left-1
Removed Pin From Net: NetName=OTR Pin=X-left-5
Removed Pin From Net: NetName=ADC_DATA1 Pin=X-left-7
Removed Pin From Net: NetName=ADC_DATA2 Pin=X-left-9
Removed Pin From Net: NetName=ADC_DATA3 Pin=X-left-11
Removed Pin From Net: NetName=ADC_DATA4 Pin=X-left-13
Removed Pin From Net: NetName=ADC_DATA5 Pin=X-left-15
Removed Pin From Net: NetName=ADC_DATA6 Pin=X-left-17
Removed Pin From Net: NetName=ADC_DATA7 Pin=X-left-19
Removed Pin From Net: NetName=ADC_DATA8 Pin=X-left-21
Removed Pin From Net: NetName=ADC_DATA9 Pin=X-left-23
Removed Pin From Net: NetName=ADC_DATA10 Pin=X-left-25
Removed Pin From Net: NetName=ADC_DATA11 Pin=X-left-27
Removed Pin From Net: NetName=ADC_DATA12 Pin=X-left-29
Removed Pin From Net: NetName=FPGA_ADC_CLK Pin=X-left-31
Removed Pin From Net: NetName=GND Pin=X-left-37
Removed Pin From Net: NetName=GND Pin=X-left-38
Removed Pin From Net: NetName=V3V3 Pin=X-left-40
Removed Pin From Net: NetName=GND Pin=X-right-1
Removed Pin From Net: NetName=USB_DATA0 Pin=X-right-8
Removed Pin From Net: NetName=USB_DATA2 Pin=X-right-9
Removed Pin From Net: NetName=USB_DATA1 Pin=X-right-10
Removed Pin From Net: NetName=USB_DATA3 Pin=X-right-11
Removed Pin From Net: NetName=USB_DATA5 Pin=X-right-12
Removed Pin From Net: NetName=USB_DATA4 Pin=X-right-13
Removed Pin From Net: NetName=USB_DATA7 Pin=X-right-14
Removed Pin From Net: NetName=USB_DATA6 Pin=X-right-15
Removed Pin From Net: NetName=USB_TXE# Pin=X-right-16
Removed Pin From Net: NetName=USB_RXF# Pin=X-right-17
Removed Pin From Net: NetName=USB_WR# Pin=X-right-18
Removed Pin From Net: NetName=USB_RD# Pin=X-right-19
Removed Pin From Net: NetName=USB_SIWUA Pin=X-right-20
Removed Pin From Net: NetName=USB_OE# Pin=X-right-21
Removed Pin From Net: NetName=CLKOUT Pin=X-right-26
Removed Pin From Net: NetName=FPGA_CCD_CLK Pin=X-right-31
Removed Pin From Net: NetName=TRIGGER Pin=X-right-32
Removed Pin From Net: NetName=FPGA_SHUT Pin=X-right-33
Removed Pin From Net: NetName=FPGA_ROG Pin=X-right-35
Removed Pin From Net: NetName=GND Pin=X-right-37
Removed Pin From Net: NetName=GND Pin=X-right-38
Removed Pin From Net: NetName=V3V3 Pin=X-right-40
Removed Member From Class: ClassName=motherboard_Sheet Member=X-left
Added Component: Designator=X2(CORE_EP4CE10-LEFT)
Add component. Clean all parameters for all variants
Added Component: Designator=X5(CORE_EP4CE10-BOT)
Add component. Clean all parameters for all variants
Added Pin To Net: NetName=V3V3 Pin=X2-5
Added Pin To Net: NetName=GND Pin=X2-7
Added Pin To Net: NetName=GND Pin=X2-8
Added Pin To Net: NetName=FPGA_ADC_CLK Pin=X2-14
Added Pin To Net: NetName=ADC_DATA12 Pin=X2-16
Added Pin To Net: NetName=ADC_DATA11 Pin=X2-18
Added Pin To Net: NetName=ADC_DATA10 Pin=X2-20
Added Pin To Net: NetName=ADC_DATA9 Pin=X2-22
Added Pin To Net: NetName=ADC_DATA8 Pin=X2-24
Added Pin To Net: NetName=ADC_DATA7 Pin=X2-26
Added Pin To Net: NetName=ADC_DATA6 Pin=X2-28
Added Pin To Net: NetName=ADC_DATA5 Pin=X2-30
Added Pin To Net: NetName=ADC_DATA4 Pin=X2-32
Added Pin To Net: NetName=ADC_DATA3 Pin=X2-34
Added Pin To Net: NetName=ADC_DATA2 Pin=X2-36
Added Pin To Net: NetName=ADC_DATA1 Pin=X2-38
Added Pin To Net: NetName=OTR Pin=X2-40
Added Pin To Net: NetName=GND Pin=X2-44
Added Member To Class: ClassName=motherboard_Sheet Member=Component X2 CORE_EP4CE10-LEFT
Added Member To Class: ClassName=motherboard_Sheet Member=Component X5 CORE_EP4CE10-BOT
Added Room: Name=motherboard_Sheet
