Replace Part C1 CAP_SMALL in C:\Users\HP\Documents\source\monochr\altium\motherboard\motherboard_PCB_Project\motherboard_Sheet.SchDoc with CAP_SMALL from MIT_Schlib.SchLib
Replace Part C2 CAP_SMALL in C:\Users\HP\Documents\source\monochr\altium\motherboard\motherboard_PCB_Project\motherboard_Sheet.SchDoc with CAP_SMALL from MIT_Schlib.SchLib
Replace Part C3 CAP_SMALL in C:\Users\HP\Documents\source\monochr\altium\motherboard\motherboard_PCB_Project\motherboard_Sheet.SchDoc with CAP_SMALL from MIT_Schlib.SchLib
Replace Part C4 CAP_SMALL in C:\Users\HP\Documents\source\monochr\altium\motherboard\motherboard_PCB_Project\motherboard_Sheet.SchDoc with CAP_SMALL from MIT_Schlib.SchLib
Replace Part C5 CAP_TANT in C:\Users\HP\Documents\source\monochr\altium\motherboard\motherboard_PCB_Project\motherboard_Sheet.SchDoc with CAP_TANT from MIT_Schlib.SchLib
Replace Part C6 CAP_SMALL in C:\Users\HP\Documents\source\monochr\altium\motherboard\motherboard_PCB_Project\motherboard_Sheet.SchDoc with CAP_SMALL from MIT_Schlib.SchLib
Replace Part C7 CAP_SMALL in C:\Users\HP\Documents\source\monochr\altium\motherboard\motherboard_PCB_Project\motherboard_Sheet.SchDoc with CAP_SMALL from MIT_Schlib.SchLib
Replace Part C8 CAP_SMALL in C:\Users\HP\Documents\source\monochr\altium\motherboard\motherboard_PCB_Project\motherboard_Sheet.SchDoc with CAP_SMALL from MIT_Schlib.SchLib
Replace Part C9 CAP_SMALL in C:\Users\HP\Documents\source\monochr\altium\motherboard\motherboard_PCB_Project\motherboard_Sheet.SchDoc with CAP_SMALL from MIT_Schlib.SchLib
Replace Part C10 CAP_SMALL in C:\Users\HP\Documents\source\monochr\altium\motherboard\motherboard_PCB_Project\motherboard_Sheet.SchDoc with CAP_SMALL from MIT_Schlib.SchLib
Replace Part C11 CAP_SMALL in C:\Users\HP\Documents\source\monochr\altium\motherboard\motherboard_PCB_Project\motherboard_Sheet.SchDoc with CAP_SMALL from MIT_Schlib.SchLib
Replace Part C12 CAP_SMALL in C:\Users\HP\Documents\source\monochr\altium\motherboard\motherboard_PCB_Project\motherboard_Sheet.SchDoc with CAP_SMALL from MIT_Schlib.SchLib
Replace Part C13 CAP_SMALL in C:\Users\HP\Documents\source\monochr\altium\motherboard\motherboard_PCB_Project\motherboard_Sheet.SchDoc with CAP_SMALL from MIT_Schlib.SchLib
Replace Part C14 CAP_SMALL in C:\Users\HP\Documents\source\monochr\altium\motherboard\motherboard_PCB_Project\motherboard_Sheet.SchDoc with CAP_SMALL from MIT_Schlib.SchLib
Replace Part C15 CAP_SMALL in C:\Users\HP\Documents\source\monochr\altium\motherboard\motherboard_PCB_Project\motherboard_Sheet.SchDoc with CAP_SMALL from MIT_Schlib.SchLib
Replace Part C16 CAP_TANT in C:\Users\HP\Documents\source\monochr\altium\motherboard\motherboard_PCB_Project\motherboard_Sheet.SchDoc with CAP_TANT from MIT_Schlib.SchLib
Replace Part C17 CAP_TANT in C:\Users\HP\Documents\source\monochr\altium\motherboard\motherboard_PCB_Project\motherboard_Sheet.SchDoc with CAP_TANT from MIT_Schlib.SchLib
Replace Part C18 CAP_TANT in C:\Users\HP\Documents\source\monochr\altium\motherboard\motherboard_PCB_Project\motherboard_Sheet.SchDoc with CAP_TANT from MIT_Schlib.SchLib
Replace Part C19 CAP_TANT in C:\Users\HP\Documents\source\monochr\altium\motherboard\motherboard_PCB_Project\motherboard_Sheet.SchDoc with CAP_TANT from MIT_Schlib.SchLib
Replace Part C20 CAP_TANT in C:\Users\HP\Documents\source\monochr\altium\motherboard\motherboard_PCB_Project\motherboard_Sheet.SchDoc with CAP_TANT from MIT_Schlib.SchLib
Replace Part C21 CAP_TANT in C:\Users\HP\Documents\source\monochr\altium\motherboard\motherboard_PCB_Project\motherboard_Sheet.SchDoc with CAP_TANT from MIT_Schlib.SchLib
Replace Part C22 CAP_TANT in C:\Users\HP\Documents\source\monochr\altium\motherboard\motherboard_PCB_Project\motherboard_Sheet.SchDoc with CAP_TANT from MIT_Schlib.SchLib
Replace Part C23 CAP_TANT in C:\Users\HP\Documents\source\monochr\altium\motherboard\motherboard_PCB_Project\motherboard_Sheet.SchDoc with CAP_TANT from MIT_Schlib.SchLib
Replace Part C24 CAP_SMALL in C:\Users\HP\Documents\source\monochr\altium\motherboard\motherboard_PCB_Project\motherboard_Sheet.SchDoc with CAP_SMALL from MIT_Schlib.SchLib
Replace Part C25 CAP_SMALL in C:\Users\HP\Documents\source\monochr\altium\motherboard\motherboard_PCB_Project\motherboard_Sheet.SchDoc with CAP_SMALL from MIT_Schlib.SchLib
Replace Part C26 CAP_SMALL in C:\Users\HP\Documents\source\monochr\altium\motherboard\motherboard_PCB_Project\motherboard_Sheet.SchDoc with CAP_SMALL from MIT_Schlib.SchLib
Replace Part C27 CAP_SMALL in C:\Users\HP\Documents\source\monochr\altium\motherboard\motherboard_PCB_Project\motherboard_Sheet.SchDoc with CAP_SMALL from MIT_Schlib.SchLib
Replace Part D1 ftd232_minimodule in C:\Users\HP\Documents\source\monochr\altium\motherboard\motherboard_PCB_Project\motherboard_Sheet.SchDoc with ftd232_minimodule from MIT_Schlib.SchLib
Replace Part D2 ILX751A in C:\Users\HP\Documents\source\monochr\altium\motherboard\motherboard_PCB_Project\motherboard_Sheet.SchDoc with ILX751A from MIT_Schlib.SchLib
Replace Part D3 LM1117_ADJ in C:\Users\HP\Documents\source\monochr\altium\motherboard\motherboard_PCB_Project\motherboard_Sheet.SchDoc with LM1117_ADJ from MIT_Schlib.SchLib
Replace Part D4 LM1117_ADJ in C:\Users\HP\Documents\source\monochr\altium\motherboard\motherboard_PCB_Project\motherboard_Sheet.SchDoc with LM1117_ADJ from MIT_Schlib.SchLib
Replace Part D5 LM1117_ADJ in C:\Users\HP\Documents\source\monochr\altium\motherboard\motherboard_PCB_Project\motherboard_Sheet.SchDoc with LM1117_ADJ from MIT_Schlib.SchLib
Replace Part D6 LM1117_ADJ in C:\Users\HP\Documents\source\monochr\altium\motherboard\motherboard_PCB_Project\motherboard_Sheet.SchDoc with LM1117_ADJ from MIT_Schlib.SchLib
Replace Part D* AD9220ARZ in C:\Users\HP\Documents\source\monochr\altium\motherboard\motherboard_PCB_Project\motherboard_Sheet.SchDoc with AD9220ARZ from MIT_Schlib.SchLib
Replace Part DD* AD8605ARTZ in C:\Users\HP\Documents\source\monochr\altium\motherboard\motherboard_PCB_Project\motherboard_Sheet.SchDoc with AD8605ARTZ from MIT_Schlib.SchLib
Replace Part DD*1 NC7SZ14M5X in C:\Users\HP\Documents\source\monochr\altium\motherboard\motherboard_PCB_Project\motherboard_Sheet.SchDoc with NC7SZ14M5X from MIT_Schlib.SchLib
Replace Part DD*2 NC7SZ14M5X in C:\Users\HP\Documents\source\monochr\altium\motherboard\motherboard_PCB_Project\motherboard_Sheet.SchDoc with NC7SZ14M5X from MIT_Schlib.SchLib
Replace Part DD*3 NC7SZ14M5X in C:\Users\HP\Documents\source\monochr\altium\motherboard\motherboard_PCB_Project\motherboard_Sheet.SchDoc with NC7SZ14M5X from MIT_Schlib.SchLib
Replace Part DD*4 NC7SZ14M5X in C:\Users\HP\Documents\source\monochr\altium\motherboard\motherboard_PCB_Project\motherboard_Sheet.SchDoc with NC7SZ14M5X from MIT_Schlib.SchLib
Replace Part DD*5 AD8605ARTZ in C:\Users\HP\Documents\source\monochr\altium\motherboard\motherboard_PCB_Project\motherboard_Sheet.SchDoc with AD8605ARTZ from MIT_Schlib.SchLib
Replace Part P1 Header 2X2 in C:\Users\HP\Documents\source\monochr\altium\motherboard\motherboard_PCB_Project\motherboard_Sheet.SchDoc with Header 2X2 from Miscellaneous Connectors.IntLib
Replace Part P2 BNC in C:\Users\HP\Documents\source\monochr\altium\motherboard\motherboard_PCB_Project\motherboard_Sheet.SchDoc with BNC from Miscellaneous Connectors.IntLib
Replace Part P3 BNC in C:\Users\HP\Documents\source\monochr\altium\motherboard\motherboard_PCB_Project\motherboard_Sheet.SchDoc with BNC from Miscellaneous Connectors.IntLib
Replace Part R1 RES0805 in C:\Users\HP\Documents\source\monochr\altium\motherboard\motherboard_PCB_Project\motherboard_Sheet.SchDoc with RES0805 from MIT_Schlib.SchLib
Replace Part R2 RES0805 in C:\Users\HP\Documents\source\monochr\altium\motherboard\motherboard_PCB_Project\motherboard_Sheet.SchDoc with RES0805 from MIT_Schlib.SchLib
Replace Part R3 RES0805 in C:\Users\HP\Documents\source\monochr\altium\motherboard\motherboard_PCB_Project\motherboard_Sheet.SchDoc with RES0805 from MIT_Schlib.SchLib
Replace Part R4 RES0805 in C:\Users\HP\Documents\source\monochr\altium\motherboard\motherboard_PCB_Project\motherboard_Sheet.SchDoc with RES0805 from MIT_Schlib.SchLib
Replace Part R5 RES0805 in C:\Users\HP\Documents\source\monochr\altium\motherboard\motherboard_PCB_Project\motherboard_Sheet.SchDoc with RES0805 from MIT_Schlib.SchLib
Replace Part R6 RES_VAR in C:\Users\HP\Documents\source\monochr\altium\motherboard\motherboard_PCB_Project\motherboard_Sheet.SchDoc with RES_VAR from MIT_Schlib.SchLib
Replace Part R7 RES_VAR in C:\Users\HP\Documents\source\monochr\altium\motherboard\motherboard_PCB_Project\motherboard_Sheet.SchDoc with RES_VAR from MIT_Schlib.SchLib
Replace Part R8 RES_VAR in C:\Users\HP\Documents\source\monochr\altium\motherboard\motherboard_PCB_Project\motherboard_Sheet.SchDoc with RES_VAR from MIT_Schlib.SchLib
Replace Part R9 RES_VAR in C:\Users\HP\Documents\source\monochr\altium\motherboard\motherboard_PCB_Project\motherboard_Sheet.SchDoc with RES_VAR from MIT_Schlib.SchLib
Replace Part R10 RES_VAR in C:\Users\HP\Documents\source\monochr\altium\motherboard\motherboard_PCB_Project\motherboard_Sheet.SchDoc with RES_VAR from MIT_Schlib.SchLib
Replace Part R11 RES0805 in C:\Users\HP\Documents\source\monochr\altium\motherboard\motherboard_PCB_Project\motherboard_Sheet.SchDoc with RES0805 from MIT_Schlib.SchLib
Replace Part R12 RES0805 in C:\Users\HP\Documents\source\monochr\altium\motherboard\motherboard_PCB_Project\motherboard_Sheet.SchDoc with RES0805 from MIT_Schlib.SchLib
Replace Part R13 RES0805 in C:\Users\HP\Documents\source\monochr\altium\motherboard\motherboard_PCB_Project\motherboard_Sheet.SchDoc with RES0805 from MIT_Schlib.SchLib
Replace Part R14 RES0805 in C:\Users\HP\Documents\source\monochr\altium\motherboard\motherboard_PCB_Project\motherboard_Sheet.SchDoc with RES0805 from MIT_Schlib.SchLib
Replace Part X-left altera_board_left in C:\Users\HP\Documents\source\monochr\altium\motherboard\motherboard_PCB_Project\motherboard_Sheet.SchDoc with altera_board_left from MIT_Schlib.SchLib
Replace Part X-right altera_board_right in C:\Users\HP\Documents\source\monochr\altium\motherboard\motherboard_PCB_Project\motherboard_Sheet.SchDoc with altera_board_right from MIT_Schlib.SchLib
