Flow report for monochr
Fri Aug 14 16:38:20 2020
Quartus II 64-Bit Version 14.1.0 Build 186 12/03/2014 SJ Web Edition


---------------------
; Table of Contents ;
---------------------
  1. Legal Notice
  2. Flow Summary
  3. Flow Settings
  4. Flow Non-Default Global Settings
  5. Flow Elapsed Time
  6. Flow OS Summary
  7. Flow Log
  8. Flow Messages
  9. Flow Suppressed Messages



----------------
; Legal Notice ;
----------------
Copyright (C) 1991-2014 Altera Corporation. All rights reserved.
Your use of Altera Corporation's design tools, logic functions 
and other software and tools, and its AMPP partner logic 
functions, and any output files from any of the foregoing 
(including device programming or simulation files), and any 
associated documentation or information are expressly subject 
to the terms and conditions of the Altera Program License 
Subscription Agreement, the Altera Quartus II License Agreement,
the Altera MegaCore Function License Agreement, or other 
applicable license agreement, including, without limitation, 
that your use is for the sole purpose of programming logic 
devices manufactured by Altera and sold by Altera or its 
authorized distributors.  Please refer to the applicable 
agreement for further details.



+---------------------------------------------------------------------------------+
; Flow Summary                                                                    ;
+------------------------------------+--------------------------------------------+
; Flow Status                        ; Successful - Fri Aug 14 16:38:20 2020      ;
; Quartus II 64-Bit Version          ; 14.1.0 Build 186 12/03/2014 SJ Web Edition ;
; Revision Name                      ; monochr                                    ;
; Top-level Entity Name              ; monochr                                    ;
; Family                             ; Cyclone IV E                               ;
; Device                             ; EP4CE10F17C8                               ;
; Timing Models                      ; Final                                      ;
; Total logic elements               ; 408 / 10,320 ( 4 % )                       ;
;     Total combinational functions  ; 405 / 10,320 ( 4 % )                       ;
;     Dedicated logic registers      ; 188 / 10,320 ( 2 % )                       ;
; Total registers                    ; 188                                        ;
; Total pins                         ; 30 / 180 ( 17 % )                          ;
; Total virtual pins                 ; 0                                          ;
; Total memory bits                  ; 0 / 423,936 ( 0 % )                        ;
; Embedded Multiplier 9-bit elements ; 0 / 46 ( 0 % )                             ;
; Total PLLs                         ; 0 / 2 ( 0 % )                              ;
+------------------------------------+--------------------------------------------+


+-----------------------------------------+
; Flow Settings                           ;
+-------------------+---------------------+
; Option            ; Setting             ;
+-------------------+---------------------+
; Start date & time ; 08/14/2020 16:37:53 ;
; Main task         ; Compilation         ;
; Revision Name     ; monochr             ;
+-------------------+---------------------+


+----------------------------------------------------------------------------------------------------------------------------------------------------+
; Flow Non-Default Global Settings                                                                                                                   ;
+--------------------------------------+-----------------------------------------------------------+---------------+-------------+-------------------+
; Assignment Name                      ; Value                                                     ; Default Value ; Entity Name ; Section Id        ;
+--------------------------------------+-----------------------------------------------------------+---------------+-------------+-------------------+
; COMPILER_SIGNATURE_ID                ; 193569099090924.159741227315644                           ; --            ; --          ; --                ;
; EDA_DESIGN_INSTANCE_NAME             ; NA                                                        ; --            ; --          ; testbench_monochr ;
; EDA_DESIGN_INSTANCE_NAME             ; NA                                                        ; --            ; --          ; vhdl_tb           ;
; EDA_NATIVELINK_SIMULATION_TEST_BENCH ; vhdl_tb                                                   ; --            ; --          ; eda_simulation    ;
; EDA_OUTPUT_DATA_FORMAT               ; Vhdl                                                      ; --            ; --          ; eda_simulation    ;
; EDA_SIMULATION_TOOL                  ; ModelSim-Altera (VHDL)                                    ; <None>        ; --          ; --                ;
; EDA_TEST_BENCH_ENABLE_STATUS         ; TEST_BENCH_MODE                                           ; --            ; --          ; eda_simulation    ;
; EDA_TEST_BENCH_FILE                  ; source/testbench_monochr.v                                ; --            ; --          ; testbench_monochr ;
; EDA_TEST_BENCH_FILE                  ; source/vhdl_tb.vhd                                        ; --            ; --          ; vhdl_tb           ;
; EDA_TEST_BENCH_MODULE_NAME           ; testbench_monochr                                         ; --            ; --          ; testbench_monochr ;
; EDA_TEST_BENCH_MODULE_NAME           ; vhdl_tb                                                   ; --            ; --          ; vhdl_tb           ;
; EDA_TEST_BENCH_NAME                  ; testbench_monochr                                         ; --            ; --          ; eda_simulation    ;
; EDA_TEST_BENCH_NAME                  ; vhdl_tb                                                   ; --            ; --          ; eda_simulation    ;
; EDA_TIME_SCALE                       ; 1 ps                                                      ; --            ; --          ; eda_simulation    ;
; MAX_CORE_JUNCTION_TEMP               ; 85                                                        ; --            ; --          ; --                ;
; MIN_CORE_JUNCTION_TEMP               ; 0                                                         ; --            ; --          ; --                ;
; MISC_FILE                            ; source/pll_usb/synthesis/../pll_usb.cmp                   ; --            ; --          ; --                ;
; MISC_FILE                            ; source/pll_usb/synthesis/pll_usb.qsys                     ; --            ; --          ; --                ;
; PARTITION_COLOR                      ; 16764057                                                  ; --            ; --          ; Top               ;
; PARTITION_FITTER_PRESERVATION_LEVEL  ; PLACEMENT_AND_ROUTING                                     ; --            ; --          ; Top               ;
; PARTITION_NETLIST_TYPE               ; SOURCE                                                    ; --            ; --          ; Top               ;
; POWER_BOARD_THERMAL_MODEL            ; None (CONSERVATIVE)                                       ; --            ; --          ; --                ;
; POWER_PRESET_COOLING_SOLUTION        ; 23 MM HEAT SINK WITH 200 LFPM AIRFLOW                     ; --            ; --          ; --                ;
; PROJECT_OUTPUT_DIRECTORY             ; output_files                                              ; --            ; --          ; --                ;
; SLD_FILE                             ; source/pll_usb/synthesis/pll_usb.debuginfo                ; --            ; --          ; --                ;
; SLD_INFO                             ; QSYS_NAME pll_usb HAS_SOPCINFO 1 GENERATION_ID 1579871722 ; --            ; pll_usb     ; --                ;
; SOPCINFO_FILE                        ; source/pll_usb/synthesis/pll_usb.sopcinfo                 ; --            ; --          ; --                ;
; SYNTHESIS_ONLY_QIP                   ; On                                                        ; --            ; --          ; --                ;
+--------------------------------------+-----------------------------------------------------------+---------------+-------------+-------------------+


+-------------------------------------------------------------------------------------------------------------------------------+
; Flow Elapsed Time                                                                                                             ;
+---------------------------+--------------+-------------------------+---------------------+------------------------------------+
; Module Name               ; Elapsed Time ; Average Processors Used ; Peak Virtual Memory ; Total CPU Time (on all processors) ;
+---------------------------+--------------+-------------------------+---------------------+------------------------------------+
; Analysis & Synthesis      ; 00:00:10     ; 1.0                     ; 4802 MB             ; 00:00:22                           ;
; Fitter                    ; 00:00:05     ; 1.0                     ; 5067 MB             ; 00:00:06                           ;
; Assembler                 ; 00:00:01     ; 1.0                     ; 4692 MB             ; 00:00:01                           ;
; TimeQuest Timing Analyzer ; 00:00:03     ; 1.0                     ; 4753 MB             ; 00:00:02                           ;
; EDA Netlist Writer        ; 00:00:02     ; 1.0                     ; 4664 MB             ; 00:00:01                           ;
; Total                     ; 00:00:21     ; --                      ; --                  ; 00:00:32                           ;
+---------------------------+--------------+-------------------------+---------------------+------------------------------------+


+----------------------------------------------------------------------------------------+
; Flow OS Summary                                                                        ;
+---------------------------+------------------+-----------+------------+----------------+
; Module Name               ; Machine Hostname ; OS Name   ; OS Version ; Processor type ;
+---------------------------+------------------+-----------+------------+----------------+
; Analysis & Synthesis      ; Simba-PC         ; Windows 7 ; 6.2        ; x86_64         ;
; Fitter                    ; Simba-PC         ; Windows 7 ; 6.2        ; x86_64         ;
; Assembler                 ; Simba-PC         ; Windows 7 ; 6.2        ; x86_64         ;
; TimeQuest Timing Analyzer ; Simba-PC         ; Windows 7 ; 6.2        ; x86_64         ;
; EDA Netlist Writer        ; Simba-PC         ; Windows 7 ; 6.2        ; x86_64         ;
+---------------------------+------------------+-----------+------------+----------------+


------------
; Flow Log ;
------------
quartus_map --read_settings_files=on --write_settings_files=off monochr -c monochr
quartus_fit --read_settings_files=off --write_settings_files=off monochr -c monochr
quartus_asm --read_settings_files=off --write_settings_files=off monochr -c monochr
quartus_sta monochr -c monochr
quartus_eda --read_settings_files=off --write_settings_files=off monochr -c monochr



